<?xml version="1.0" encoding="UTF-8"?>
<!-- Generated by org.testng.reporters.JUnitReportReporter -->
<testsuite hostname="DESKTOP-OLM4TNN" failures="0" tests="3" name="com.crm.qa.testcases.LoginPageTest" time="77.787" errors="0" timestamp="27 Nov 2018 18:52:47 GMT" skipped="0">
  <testcase classname="com.crm.qa.testcases.LoginPageTest" name="loginPageTitleTest" time="42.529"/>
  <testcase classname="com.crm.qa.testcases.LoginPageTest" name="crmLogoImageTest" time="13.005"/>
  <testcase classname="com.crm.qa.testcases.LoginPageTest" name="loginPage" time="22.253"/>
</testsuite> <!-- com.crm.qa.testcases.LoginPageTest -->
