<?xml version="1.0" encoding="UTF-8"?>
<!-- Generated by org.testng.reporters.JUnitReportReporter -->
<testsuite hostname="DESKTOP-OLM4TNN" failures="0" tests="3" name="com.crm.qa.testcases.LoginPageTest" time="46.829" errors="0" timestamp="30 Nov 2018 02:10:49 GMT" skipped="0">
  <testcase classname="com.crm.qa.testcases.LoginPageTest" name="loginPageTitleTest" time="12.252"/>
  <testcase classname="com.crm.qa.testcases.LoginPageTest" name="crmLogoImageTest" time="11.775"/>
  <testcase classname="com.crm.qa.testcases.LoginPageTest" name="loginTest" time="22.802"/>
</testsuite> <!-- com.crm.qa.testcases.LoginPageTest -->
