<?xml version="1.0" encoding="UTF-8"?>
<!-- Generated by org.testng.reporters.JUnitReportReporter -->
<testsuite hostname="DESKTOP-OLM4TNN" failures="0" tests="3" name="com.crm.qa.testcases.ContactsPageTest" time="76.859" errors="0" timestamp="27 Nov 2018 18:52:47 GMT" skipped="0">
  <testcase classname="com.crm.qa.testcases.ContactsPageTest" name="verifyContactLabelTest" time="27.190"/>
  <testcase classname="com.crm.qa.testcases.ContactsPageTest" name="selectSingleContactTest" time="23.607"/>
  <testcase classname="com.crm.qa.testcases.ContactsPageTest" name="selectMultipleContactTest" time="26.062"/>
</testsuite> <!-- com.crm.qa.testcases.ContactsPageTest -->
