<?xml version="1.0" encoding="UTF-8"?>
<!-- Generated by org.testng.reporters.JUnitReportReporter -->
<testsuite hostname="DESKTOP-OLM4TNN" failures="0" tests="6" name="com.crm.qa.testcases.ContactsPageTest" time="137.673" errors="0" timestamp="30 Nov 2018 02:10:48 GMT" skipped="0">
  <testcase classname="com.crm.qa.testcases.ContactsPageTest" name="verifyContactLabelTest" time="20.126"/>
  <testcase classname="com.crm.qa.testcases.ContactsPageTest" name="selectSingleContactTest" time="20.251"/>
  <testcase classname="com.crm.qa.testcases.ContactsPageTest" name="selectMultipleContactTest" time="20.346"/>
  <testcase classname="com.crm.qa.testcases.ContactsPageTest" name="validateCreateNewContactTest" time="26.171"/>
  <testcase classname="com.crm.qa.testcases.ContactsPageTest" name="validateCreateNewContactTest" time="24.363"/>
  <testcase classname="com.crm.qa.testcases.ContactsPageTest" name="validateCreateNewContactTest" time="26.416"/>
</testsuite> <!-- com.crm.qa.testcases.ContactsPageTest -->
