<?xml version="1.0" encoding="UTF-8"?>
<!-- Generated by org.testng.reporters.JUnitReportReporter -->
<testsuite hostname="DESKTOP-OLM4TNN" failures="0" tests="3" name="com.crm.qa.testcases.LoginPageTest" time="159.889" errors="0" timestamp="23 Nov 2018 16:26:29 GMT" skipped="0">
  <testcase classname="com.crm.qa.testcases.LoginPageTest" name="loginPageTitleTest" time="56.815"/>
  <testcase classname="com.crm.qa.testcases.LoginPageTest" name="crmLogoImageTest" time="35.014"/>
  <testcase classname="com.crm.qa.testcases.LoginPageTest" name="loginPage" time="68.060"/>
</testsuite> <!-- com.crm.qa.testcases.LoginPageTest -->
