<?xml version="1.0" encoding="UTF-8"?>
<!-- Generated by org.testng.reporters.JUnitReportReporter -->
<testsuite skipped="0" hostname="DESKTOP-OLM4TNN" name="com.crm.qa.testcases.HomePageTest" tests="3" failures="0" timestamp="30 Nov 2018 03:06:08 GMT" time="57.199" errors="0">
  <testcase name="verifyContactsLinkTest" time="18.700" classname="com.crm.qa.testcases.HomePageTest"/>
  <testcase name="verifyHomePageTitleTest" time="18.942" classname="com.crm.qa.testcases.HomePageTest"/>
  <testcase name="verifyUserNameTest" time="19.557" classname="com.crm.qa.testcases.HomePageTest"/>
</testsuite> <!-- com.crm.qa.testcases.HomePageTest -->
